TN:
SF:server.js
FN:89,(anonymous_0)
FNF:1
FNH:0
FNDA:0,(anonymous_0)
DA:1,9
DA:2,9
DA:3,9
DA:4,9
DA:5,9
DA:6,9
DA:7,9
DA:8,9
DA:9,9
DA:10,9
DA:11,9
DA:12,9
DA:13,9
DA:14,9
DA:15,9
DA:16,9
DA:17,9
DA:18,9
DA:19,9
DA:20,9
DA:22,9
DA:23,9
DA:30,9
DA:33,9
DA:34,9
DA:58,9
DA:59,9
DA:65,9
DA:68,9
DA:70,9
DA:71,9
DA:72,9
DA:73,9
DA:74,9
DA:75,9
DA:76,9
DA:77,9
DA:78,9
DA:79,9
DA:80,9
DA:81,9
DA:83,9
DA:85,9
DA:88,9
DA:89,0
DA:90,0
DA:92,0
DA:95,9
LF:48
LH:45
BRDA:85,0,0,9
BRDA:85,0,1,0
BRDA:88,1,0,0
BRDA:88,1,1,9
BRF:4
BRH:2
end_of_record
TN:
SF:config\db.js
FN:4,(anonymous_0)
FNF:1
FNH:1
FNDA:9,(anonymous_0)
DA:2,9
DA:4,9
DA:5,9
DA:6,9
DA:7,9
DA:8,0
DA:10,9
DA:11,9
DA:13,0
DA:14,0
DA:18,9
LF:11
LH:8
BRDA:7,0,0,0
BRDA:7,0,1,9
BRF:2
BRH:1
end_of_record
TN:
SF:controllers\adminController.js
FN:9,(anonymous_0)
FN:66,(anonymous_1)
FN:75,(anonymous_2)
FN:91,(anonymous_3)
FN:115,(anonymous_4)
FN:131,(anonymous_5)
FN:149,(anonymous_6)
FN:167,(anonymous_7)
FN:178,(anonymous_8)
FN:252,(anonymous_9)
FN:272,(anonymous_10)
FN:355,(anonymous_11)
FN:371,(anonymous_12)
FN:424,(anonymous_13)
FNF:14
FNH:0
FNDA:0,(anonymous_0)
FNDA:0,(anonymous_1)
FNDA:0,(anonymous_2)
FNDA:0,(anonymous_3)
FNDA:0,(anonymous_4)
FNDA:0,(anonymous_5)
FNDA:0,(anonymous_6)
FNDA:0,(anonymous_7)
FNDA:0,(anonymous_8)
FNDA:0,(anonymous_9)
FNDA:0,(anonymous_10)
FNDA:0,(anonymous_11)
FNDA:0,(anonymous_12)
FNDA:0,(anonymous_13)
DA:1,9
DA:2,9
DA:3,9
DA:4,9
DA:5,9
DA:6,9
DA:7,9
DA:9,9
DA:10,0
DA:11,0
DA:12,0
DA:13,0
DA:14,0
DA:15,0
DA:18,0
DA:47,0
DA:50,0
DA:62,0
DA:66,9
DA:67,0
DA:68,0
DA:69,0
DA:71,0
DA:75,9
DA:76,0
DA:77,0
DA:78,0
DA:79,0
DA:81,0
DA:82,0
DA:83,0
DA:85,0
DA:87,0
DA:91,9
DA:92,0
DA:93,0
DA:94,0
DA:95,0
DA:96,0
DA:99,0
DA:109,0
DA:111,0
DA:115,9
DA:116,0
DA:117,0
DA:118,0
DA:119,0
DA:121,0
DA:122,0
DA:123,0
DA:125,0
DA:127,0
DA:131,9
DA:132,0
DA:133,0
DA:134,0
DA:135,0
DA:137,0
DA:138,0
DA:139,0
DA:141,0
DA:142,0
DA:143,0
DA:145,0
DA:149,9
DA:150,0
DA:151,0
DA:152,0
DA:153,0
DA:155,0
DA:156,0
DA:157,0
DA:159,0
DA:160,0
DA:161,0
DA:163,0
DA:167,9
DA:168,0
DA:169,0
DA:172,0
DA:174,0
DA:178,9
DA:179,0
DA:191,0
DA:193,0
DA:194,0
DA:196,0
DA:197,0
DA:200,0
DA:201,0
DA:204,0
DA:205,0
DA:207,0
DA:208,0
DA:209,0
DA:211,0
DA:212,0
DA:217,0
DA:218,0
DA:219,0
DA:222,0
DA:223,0
DA:225,0
DA:226,0
DA:227,0
DA:231,0
DA:246,0
DA:248,0
DA:252,9
DA:253,0
DA:254,0
DA:255,0
DA:256,0
DA:259,0
DA:260,0
DA:261,0
DA:265,0
DA:268,0
DA:271,0
DA:272,0
DA:273,0
DA:274,0
DA:279,0
DA:280,0
DA:283,0
DA:284,0
DA:285,0
DA:286,0
DA:287,0
DA:289,0
DA:294,0
DA:295,0
DA:296,0
DA:297,0
DA:301,0
DA:302,0
DA:303,0
DA:304,0
DA:309,0
DA:310,0
DA:312,0
DA:313,0
DA:314,0
DA:316,0
DA:317,0
DA:320,0
DA:321,0
DA:322,0
DA:330,0
DA:331,0
DA:339,0
DA:345,0
DA:351,0
DA:355,9
DA:356,0
DA:357,0
DA:358,0
DA:359,0
DA:361,0
DA:362,0
DA:363,0
DA:365,0
DA:367,0
DA:371,9
DA:372,0
DA:373,0
DA:374,0
DA:377,0
DA:378,0
DA:379,0
DA:383,0
DA:385,0
DA:386,0
DA:389,0
DA:391,0
DA:392,0
DA:393,0
DA:395,0
DA:399,0
DA:400,0
DA:408,0
DA:414,0
DA:420,0
DA:424,9
DA:425,0
DA:426,0
DA:427,0
DA:428,0
DA:431,0
DA:432,0
DA:433,0
DA:435,0
DA:437,0
DA:441,9
LF:194
LH:21
BRDA:47,0,0,0
BRDA:47,0,1,0
BRDA:78,1,0,0
BRDA:78,1,1,0
BRDA:82,2,0,0
BRDA:82,2,1,0
BRDA:95,3,0,0
BRDA:95,3,1,0
BRDA:103,4,0,0
BRDA:103,4,1,0
BRDA:104,5,0,0
BRDA:104,5,1,0
BRDA:105,6,0,0
BRDA:105,6,1,0
BRDA:118,7,0,0
BRDA:118,7,1,0
BRDA:122,8,0,0
BRDA:122,8,1,0
BRDA:134,9,0,0
BRDA:134,9,1,0
BRDA:138,10,0,0
BRDA:138,10,1,0
BRDA:152,11,0,0
BRDA:152,11,1,0
BRDA:156,12,0,0
BRDA:156,12,1,0
BRDA:193,13,0,0
BRDA:193,13,1,0
BRDA:194,14,0,0
BRDA:194,14,1,0
BRDA:196,15,0,0
BRDA:196,15,1,0
BRDA:196,16,0,0
BRDA:196,16,1,0
BRDA:196,16,2,0
BRDA:196,16,3,0
BRDA:196,16,4,0
BRDA:196,16,5,0
BRDA:200,17,0,0
BRDA:200,17,1,0
BRDA:200,18,0,0
BRDA:200,18,1,0
BRDA:207,19,0,0
BRDA:207,19,1,0
BRDA:207,20,0,0
BRDA:207,20,1,0
BRDA:208,21,0,0
BRDA:208,21,1,0
BRDA:208,22,0,0
BRDA:208,22,1,0
BRDA:213,23,0,0
BRDA:213,23,1,0
BRDA:214,24,0,0
BRDA:214,24,1,0
BRDA:217,25,0,0
BRDA:217,25,1,0
BRDA:217,26,0,0
BRDA:217,26,1,0
BRDA:222,27,0,0
BRDA:222,27,1,0
BRDA:222,28,0,0
BRDA:222,28,1,0
BRDA:222,28,2,0
BRDA:225,29,0,0
BRDA:225,29,1,0
BRDA:225,30,0,0
BRDA:225,30,1,0
BRDA:236,31,0,0
BRDA:236,31,1,0
BRDA:236,32,0,0
BRDA:236,32,1,0
BRDA:243,33,0,0
BRDA:243,33,1,0
BRDA:243,34,0,0
BRDA:243,34,1,0
BRDA:255,35,0,0
BRDA:255,35,1,0
BRDA:260,36,0,0
BRDA:260,36,1,0
BRDA:273,37,0,0
BRDA:273,37,1,0
BRDA:273,38,0,0
BRDA:273,38,1,0
BRDA:279,39,0,0
BRDA:279,39,1,0
BRDA:279,40,0,0
BRDA:279,40,1,0
BRDA:283,41,0,0
BRDA:283,41,1,0
BRDA:285,42,0,0
BRDA:285,42,1,0
BRDA:286,43,0,0
BRDA:286,43,1,0
BRDA:294,44,0,0
BRDA:294,44,1,0
BRDA:295,45,0,0
BRDA:295,45,1,0
BRDA:296,46,0,0
BRDA:296,46,1,0
BRDA:301,47,0,0
BRDA:301,47,1,0
BRDA:302,48,0,0
BRDA:302,48,1,0
BRDA:303,49,0,0
BRDA:303,49,1,0
BRDA:309,50,0,0
BRDA:309,50,1,0
BRDA:310,51,0,0
BRDA:310,51,1,0
BRDA:312,52,0,0
BRDA:312,52,1,0
BRDA:312,53,0,0
BRDA:312,53,1,0
BRDA:320,54,0,0
BRDA:320,54,1,0
BRDA:320,55,0,0
BRDA:320,55,1,0
BRDA:320,55,2,0
BRDA:323,56,0,0
BRDA:323,56,1,0
BRDA:324,57,0,0
BRDA:324,57,1,0
BRDA:330,58,0,0
BRDA:330,58,1,0
BRDA:358,59,0,0
BRDA:358,59,1,0
BRDA:362,60,0,0
BRDA:362,60,1,0
BRDA:378,61,0,0
BRDA:378,61,1,0
BRDA:385,62,0,0
BRDA:385,62,1,0
BRDA:385,63,0,0
BRDA:385,63,1,0
BRDA:389,64,0,0
BRDA:389,64,1,0
BRDA:389,65,0,0
BRDA:389,65,1,0
BRDA:392,66,0,0
BRDA:392,66,1,0
BRDA:392,67,0,0
BRDA:392,67,1,0
BRDA:399,68,0,0
BRDA:399,68,1,0
BRDA:427,69,0,0
BRDA:427,69,1,0
BRF:146
BRH:0
end_of_record
TN:
SF:controllers\authController.js
FN:6,(anonymous_0)
FN:45,(anonymous_1)
FN:86,(anonymous_2)
FN:91,(anonymous_3)
FN:116,(anonymous_4)
FN:151,(anonymous_5)
FN:203,(anonymous_6)
FN:241,(anonymous_7)
FNF:8
FNH:5
FNDA:8,(anonymous_0)
FNDA:5,(anonymous_1)
FNDA:0,(anonymous_2)
FNDA:2,(anonymous_3)
FNDA:2,(anonymous_4)
FNDA:2,(anonymous_5)
FNDA:0,(anonymous_6)
FNDA:0,(anonymous_7)
DA:1,9
DA:2,9
DA:3,9
DA:4,9
DA:6,9
DA:8,8
DA:9,8
DA:10,8
DA:11,8
DA:12,2
DA:14,6
DA:22,3
DA:24,3
DA:25,3
DA:27,3
DA:28,3
DA:30,3
DA:36,0
DA:38,0
DA:41,6
DA:45,9
DA:46,5
DA:48,5
DA:49,5
DA:50,5
DA:51,0
DA:53,5
DA:54,1
DA:57,4
DA:58,4
DA:59,2
DA:62,2
DA:64,1
DA:65,1
DA:67,1
DA:68,1
DA:70,1
DA:76,0
DA:79,1
DA:82,1
DA:86,9
DA:87,0
DA:88,0
DA:91,9
DA:92,2
DA:93,2
DA:101,2
DA:102,0
DA:110,2
DA:116,9
DA:117,2
DA:119,2
DA:120,1
DA:123,1
DA:124,1
DA:126,1
DA:129,1
DA:132,1
DA:133,1
DA:139,0
DA:142,1
DA:143,1
DA:145,1
DA:147,1
DA:151,9
DA:153,2
DA:154,2
DA:156,2
DA:157,0
DA:159,2
DA:160,2
DA:161,0
DA:163,2
DA:164,2
DA:166,2
DA:172,2
DA:177,2
DA:178,1
DA:182,1
DA:183,1
DA:184,0
DA:188,1
DA:189,1
DA:190,1
DA:191,1
DA:194,1
DA:196,0
DA:197,0
DA:203,9
DA:204,0
DA:206,0
DA:207,0
DA:210,0
DA:211,0
DA:214,0
DA:215,0
DA:218,0
DA:219,0
DA:221,0
DA:222,0
DA:223,0
DA:226,0
DA:227,0
DA:228,0
DA:229,0
DA:232,0
DA:233,0
DA:234,0
DA:235,0
DA:237,0
DA:241,9
DA:242,0
DA:244,0
DA:245,0
DA:246,0
DA:247,0
DA:251,0
DA:259,0
DA:260,0
DA:262,0
DA:263,0
DA:266,0
DA:272,0
DA:274,0
DA:278,9
LF:125
LH:78
BRDA:11,0,0,2
BRDA:11,0,1,6
BRDA:20,1,0,6
BRDA:20,1,1,6
BRDA:22,2,0,3
BRDA:22,2,1,0
BRDA:50,3,0,0
BRDA:50,3,1,5
BRDA:50,4,0,5
BRDA:50,4,1,5
BRDA:53,5,0,1
BRDA:53,5,1,4
BRDA:58,6,0,2
BRDA:58,6,1,2
BRDA:62,7,0,1
BRDA:62,7,1,1
BRDA:101,8,0,0
BRDA:101,8,1,2
BRDA:119,9,0,1
BRDA:119,9,1,1
BRDA:156,10,0,0
BRDA:156,10,1,2
BRDA:160,11,0,0
BRDA:160,11,1,2
BRDA:177,12,0,1
BRDA:177,12,1,1
BRDA:183,13,0,0
BRDA:183,13,1,1
BRDA:183,14,0,1
BRDA:183,14,1,1
BRDA:206,15,0,0
BRDA:206,15,1,0
BRDA:214,16,0,0
BRDA:214,16,1,0
BRDA:221,17,0,0
BRDA:221,17,1,0
BRDA:232,18,0,0
BRDA:232,18,1,0
BRDA:234,19,0,0
BRDA:234,19,1,0
BRDA:246,20,0,0
BRDA:246,20,1,0
BRF:42
BRH:24
end_of_record
TN:
SF:controllers\bookController.js
FN:8,(anonymous_0)
FN:35,(anonymous_1)
FN:37,(anonymous_2)
FN:46,(anonymous_3)
FN:73,(anonymous_4)
FN:75,(anonymous_5)
FN:84,(anonymous_6)
FN:111,(anonymous_7)
FN:113,(anonymous_8)
FN:122,(anonymous_9)
FN:153,(anonymous_10)
FN:162,(anonymous_11)
FN:185,(anonymous_12)
FN:267,(anonymous_13)
FN:292,(anonymous_14)
FN:381,(anonymous_15)
FN:405,(anonymous_16)
FNF:17
FNH:1
FNDA:0,(anonymous_0)
FNDA:0,(anonymous_1)
FNDA:0,(anonymous_2)
FNDA:0,(anonymous_3)
FNDA:0,(anonymous_4)
FNDA:0,(anonymous_5)
FNDA:0,(anonymous_6)
FNDA:0,(anonymous_7)
FNDA:0,(anonymous_8)
FNDA:2,(anonymous_9)
FNDA:0,(anonymous_10)
FNDA:0,(anonymous_11)
FNDA:0,(anonymous_12)
FNDA:0,(anonymous_13)
FNDA:0,(anonymous_14)
FNDA:0,(anonymous_15)
FNDA:0,(anonymous_16)
DA:2,9
DA:3,9
DA:4,9
DA:5,9
DA:6,9
DA:8,9
DA:9,0
DA:10,0
DA:11,0
DA:14,0
DA:15,0
DA:19,0
DA:20,0
DA:24,0
DA:25,0
DA:26,0
DA:27,0
DA:31,0
DA:34,0
DA:35,0
DA:36,0
DA:37,0
DA:40,0
DA:42,0
DA:46,9
DA:47,0
DA:48,0
DA:49,0
DA:52,0
DA:53,0
DA:57,0
DA:58,0
DA:62,0
DA:63,0
DA:64,0
DA:65,0
DA:69,0
DA:72,0
DA:73,0
DA:74,0
DA:75,0
DA:78,0
DA:80,0
DA:84,9
DA:85,0
DA:86,0
DA:87,0
DA:90,0
DA:91,0
DA:95,0
DA:96,0
DA:100,0
DA:101,0
DA:102,0
DA:103,0
DA:107,0
DA:110,0
DA:111,0
DA:112,0
DA:113,0
DA:116,0
DA:118,0
DA:122,9
DA:123,2
DA:124,2
DA:125,2
DA:126,0
DA:129,2
DA:130,2
DA:131,1
DA:134,1
DA:141,1
DA:149,0
DA:153,9
DA:154,0
DA:155,0
DA:157,0
DA:158,0
DA:161,0
DA:163,0
DA:169,0
DA:176,0
DA:181,0
DA:185,9
DA:186,0
DA:187,0
DA:190,0
DA:191,0
DA:192,0
DA:207,0
DA:210,0
DA:211,0
DA:214,0
DA:215,0
DA:218,0
DA:219,0
DA:221,0
DA:223,0
DA:224,0
DA:227,0
DA:228,0
DA:234,0
DA:235,0
DA:238,0
DA:239,0
DA:240,0
DA:244,0
DA:260,0
DA:262,0
DA:263,0
DA:267,9
DA:268,0
DA:269,0
DA:270,0
DA:271,0
DA:274,0
DA:275,0
DA:276,0
DA:280,0
DA:281,0
DA:285,0
DA:288,0
DA:291,0
DA:292,0
DA:293,0
DA:294,0
DA:299,0
DA:300,0
DA:301,0
DA:302,0
DA:303,0
DA:305,0
DA:309,0
DA:310,0
DA:311,0
DA:312,0
DA:313,0
DA:315,0
DA:320,0
DA:321,0
DA:322,0
DA:323,0
DA:327,0
DA:328,0
DA:329,0
DA:330,0
DA:335,0
DA:336,0
DA:338,0
DA:339,0
DA:340,0
DA:342,0
DA:343,0
DA:346,0
DA:347,0
DA:348,0
DA:356,0
DA:357,0
DA:365,0
DA:371,0
DA:377,0
DA:381,9
DA:382,0
DA:383,0
DA:384,0
DA:385,0
DA:388,0
DA:389,0
DA:390,0
DA:394,0
DA:395,0
DA:398,0
DA:399,0
DA:401,0
DA:405,9
DA:406,0
DA:407,0
DA:435,0
DA:437,0
DA:441,9
LF:180
LH:23
BRDA:14,0,0,0
BRDA:14,0,1,0
BRDA:19,1,0,0
BRDA:19,1,1,0
BRDA:24,2,0,0
BRDA:24,2,1,0
BRDA:24,3,0,0
BRDA:24,3,1,0
BRDA:26,4,0,0
BRDA:26,4,1,0
BRDA:27,5,0,0
BRDA:27,5,1,0
BRDA:34,6,0,0
BRDA:34,6,1,0
BRDA:36,7,0,0
BRDA:36,7,1,0
BRDA:52,8,0,0
BRDA:52,8,1,0
BRDA:57,9,0,0
BRDA:57,9,1,0
BRDA:62,10,0,0
BRDA:62,10,1,0
BRDA:62,11,0,0
BRDA:62,11,1,0
BRDA:64,12,0,0
BRDA:64,12,1,0
BRDA:65,13,0,0
BRDA:65,13,1,0
BRDA:72,14,0,0
BRDA:72,14,1,0
BRDA:74,15,0,0
BRDA:74,15,1,0
BRDA:90,16,0,0
BRDA:90,16,1,0
BRDA:95,17,0,0
BRDA:95,17,1,0
BRDA:100,18,0,0
BRDA:100,18,1,0
BRDA:100,19,0,0
BRDA:100,19,1,0
BRDA:102,20,0,0
BRDA:102,20,1,0
BRDA:103,21,0,0
BRDA:103,21,1,0
BRDA:110,22,0,0
BRDA:110,22,1,0
BRDA:112,23,0,0
BRDA:112,23,1,0
BRDA:125,24,0,0
BRDA:125,24,1,2
BRDA:130,25,0,1
BRDA:130,25,1,1
BRDA:157,26,0,0
BRDA:157,26,1,0
BRDA:157,27,0,0
BRDA:157,27,1,0
BRDA:191,28,0,0
BRDA:191,28,1,0
BRDA:210,29,0,0
BRDA:210,29,1,0
BRDA:211,30,0,0
BRDA:211,30,1,0
BRDA:214,31,0,0
BRDA:214,31,1,0
BRDA:214,32,0,0
BRDA:214,32,1,0
BRDA:214,32,2,0
BRDA:214,32,3,0
BRDA:214,32,4,0
BRDA:221,33,0,0
BRDA:221,33,1,0
BRDA:221,34,0,0
BRDA:221,34,1,0
BRDA:223,35,0,0
BRDA:223,35,1,0
BRDA:223,36,0,0
BRDA:223,36,1,0
BRDA:230,37,0,0
BRDA:230,37,1,0
BRDA:234,38,0,0
BRDA:234,38,1,0
BRDA:234,39,0,0
BRDA:234,39,1,0
BRDA:234,39,2,0
BRDA:238,40,0,0
BRDA:238,40,1,0
BRDA:238,41,0,0
BRDA:238,41,1,0
BRDA:249,42,0,0
BRDA:249,42,1,0
BRDA:249,43,0,0
BRDA:249,43,1,0
BRDA:257,44,0,0
BRDA:257,44,1,0
BRDA:257,45,0,0
BRDA:257,45,1,0
BRDA:270,46,0,0
BRDA:270,46,1,0
BRDA:275,47,0,0
BRDA:275,47,1,0
BRDA:280,48,0,0
BRDA:280,48,1,0
BRDA:293,49,0,0
BRDA:293,49,1,0
BRDA:293,50,0,0
BRDA:293,50,1,0
BRDA:293,50,2,0
BRDA:299,51,0,0
BRDA:299,51,1,0
BRDA:299,52,0,0
BRDA:299,52,1,0
BRDA:301,53,0,0
BRDA:301,53,1,0
BRDA:301,54,0,0
BRDA:301,54,1,0
BRDA:302,55,0,0
BRDA:302,55,1,0
BRDA:309,56,0,0
BRDA:309,56,1,0
BRDA:309,57,0,0
BRDA:309,57,1,0
BRDA:311,58,0,0
BRDA:311,58,1,0
BRDA:311,59,0,0
BRDA:311,59,1,0
BRDA:312,60,0,0
BRDA:312,60,1,0
BRDA:320,61,0,0
BRDA:320,61,1,0
BRDA:320,62,0,0
BRDA:320,62,1,0
BRDA:321,63,0,0
BRDA:321,63,1,0
BRDA:322,64,0,0
BRDA:322,64,1,0
BRDA:327,65,0,0
BRDA:327,65,1,0
BRDA:327,66,0,0
BRDA:327,66,1,0
BRDA:328,67,0,0
BRDA:328,67,1,0
BRDA:329,68,0,0
BRDA:329,68,1,0
BRDA:335,69,0,0
BRDA:335,69,1,0
BRDA:336,70,0,0
BRDA:336,70,1,0
BRDA:338,71,0,0
BRDA:338,71,1,0
BRDA:338,72,0,0
BRDA:338,72,1,0
BRDA:346,73,0,0
BRDA:346,73,1,0
BRDA:346,74,0,0
BRDA:346,74,1,0
BRDA:346,74,2,0
BRDA:349,75,0,0
BRDA:349,75,1,0
BRDA:350,76,0,0
BRDA:350,76,1,0
BRDA:356,77,0,0
BRDA:356,77,1,0
BRDA:384,78,0,0
BRDA:384,78,1,0
BRDA:389,79,0,0
BRDA:389,79,1,0
BRDA:394,80,0,0
BRDA:394,80,1,0
BRF:168
BRH:3
end_of_record
TN:
SF:controllers\bookShopController.js
FN:9,(anonymous_0)
FN:62,(anonymous_1)
FN:63,(anonymous_2)
FN:64,(anonymous_3)
FN:83,(anonymous_4)
FN:217,(anonymous_5)
FN:314,(anonymous_6)
FN:344,(anonymous_7)
FN:375,(anonymous_8)
FN:407,(anonymous_9)
FN:426,(anonymous_10)
FN:450,(anonymous_11)
FN:471,(anonymous_12)
FN:524,(anonymous_13)
FN:537,(anonymous_14)
FN:551,(anonymous_15)
FN:563,(anonymous_16)
FN:568,(anonymous_17)
FN:590,(anonymous_18)
FN:633,(anonymous_19)
FN:641,(anonymous_20)
FN:649,(anonymous_21)
FN:657,(anonymous_22)
FNF:23
FNH:0
FNDA:0,(anonymous_0)
FNDA:0,(anonymous_1)
FNDA:0,(anonymous_2)
FNDA:0,(anonymous_3)
FNDA:0,(anonymous_4)
FNDA:0,(anonymous_5)
FNDA:0,(anonymous_6)
FNDA:0,(anonymous_7)
FNDA:0,(anonymous_8)
FNDA:0,(anonymous_9)
FNDA:0,(anonymous_10)
FNDA:0,(anonymous_11)
FNDA:0,(anonymous_12)
FNDA:0,(anonymous_13)
FNDA:0,(anonymous_14)
FNDA:0,(anonymous_15)
FNDA:0,(anonymous_16)
FNDA:0,(anonymous_17)
FNDA:0,(anonymous_18)
FNDA:0,(anonymous_19)
FNDA:0,(anonymous_20)
FNDA:0,(anonymous_21)
FNDA:0,(anonymous_22)
DA:1,9
DA:2,9
DA:3,9
DA:4,9
DA:5,9
DA:6,9
DA:9,9
DA:10,0
DA:11,0
DA:14,0
DA:15,0
DA:16,0
DA:20,0
DA:21,0
DA:45,0
DA:48,0
DA:49,0
DA:54,0
DA:55,0
DA:57,0
DA:58,0
DA:62,0
DA:63,0
DA:64,0
DA:67,0
DA:68,0
DA:69,0
DA:73,0
DA:74,0
DA:75,0
DA:83,0
DA:90,0
DA:91,0
DA:93,0
DA:97,0
DA:98,0
DA:99,0
DA:100,0
DA:103,0
DA:104,0
DA:105,0
DA:106,0
DA:107,0
DA:108,0
DA:109,0
DA:115,0
DA:116,0
DA:117,0
DA:118,0
DA:119,0
DA:124,0
DA:125,0
DA:126,0
DA:130,0
DA:131,0
DA:135,0
DA:137,0
DA:140,0
DA:141,0
DA:149,0
DA:150,0
DA:152,0
DA:153,0
DA:154,0
DA:155,0
DA:157,0
DA:158,0
DA:161,0
DA:162,0
DA:169,0
DA:206,0
DA:208,0
DA:209,0
DA:217,9
DA:218,0
DA:219,0
DA:220,0
DA:222,0
DA:223,0
DA:237,0
DA:241,0
DA:242,0
DA:243,0
DA:247,0
DA:248,0
DA:249,0
DA:253,0
DA:254,0
DA:260,0
DA:268,0
DA:269,0
DA:270,0
DA:271,0
DA:276,0
DA:277,0
DA:284,0
DA:285,0
DA:286,0
DA:288,0
DA:289,0
DA:294,0
DA:306,0
DA:307,0
DA:309,0
DA:314,9
DA:315,0
DA:316,0
DA:318,0
DA:319,0
DA:322,0
DA:333,0
DA:334,0
DA:337,0
DA:339,0
DA:344,9
DA:345,0
DA:346,0
DA:348,0
DA:358,0
DA:359,0
DA:364,0
DA:366,0
DA:367,0
DA:375,9
DA:376,0
DA:377,0
DA:378,0
DA:379,0
DA:382,0
DA:387,0
DA:388,0
DA:393,0
DA:400,0
DA:402,0
DA:407,9
DA:408,0
DA:409,0
DA:411,0
DA:412,0
DA:415,0
DA:419,0
DA:421,0
DA:426,9
DA:427,0
DA:428,0
DA:430,0
DA:431,0
DA:436,0
DA:450,0
DA:451,0
DA:457,0
DA:460,0
DA:466,0
DA:471,9
DA:472,0
DA:480,0
DA:482,0
DA:485,0
DA:486,0
DA:490,0
DA:497,0
DA:498,0
DA:499,0
DA:503,0
DA:504,0
DA:508,0
DA:509,0
DA:512,0
DA:522,0
DA:523,0
DA:524,0
DA:525,0
DA:531,0
DA:536,0
DA:537,0
DA:540,0
DA:546,0
DA:551,9
DA:552,0
DA:553,0
DA:554,0
DA:556,0
DA:559,0
DA:560,0
DA:563,9
DA:564,0
DA:568,9
DA:569,0
DA:570,0
DA:575,0
DA:581,0
DA:582,0
DA:590,9
DA:591,0
DA:592,0
DA:593,0
DA:596,0
DA:597,0
DA:598,0
DA:604,0
DA:605,0
DA:606,0
DA:608,0
DA:609,0
DA:610,0
DA:611,0
DA:613,0
DA:614,0
DA:621,0
DA:622,0
DA:623,0
DA:625,0
DA:626,0
DA:628,0
DA:632,0
DA:633,0
DA:634,0
DA:636,0
DA:640,0
DA:641,0
DA:642,0
DA:644,0
DA:648,0
DA:649,0
DA:650,0
DA:652,0
DA:656,0
DA:657,0
DA:658,0
DA:660,0
DA:664,0
DA:673,0
DA:679,0
DA:680,0
DA:687,9
LF:235
LH:19
BRDA:15,0,0,0
BRDA:15,0,1,0
BRDA:48,1,0,0
BRDA:48,1,1,0
BRDA:48,2,0,0
BRDA:48,2,1,0
BRDA:54,3,0,0
BRDA:54,3,1,0
BRDA:57,4,0,0
BRDA:57,4,1,0
BRDA:62,5,0,0
BRDA:62,5,1,0
BRDA:63,6,0,0
BRDA:63,6,1,0
BRDA:64,7,0,0
BRDA:64,7,1,0
BRDA:67,8,0,0
BRDA:67,8,1,0
BRDA:68,9,0,0
BRDA:68,9,1,0
BRDA:74,10,0,0
BRDA:74,10,1,0
BRDA:91,11,0,0
BRDA:91,11,1,0
BRDA:98,12,0,0
BRDA:98,12,1,0
BRDA:105,13,0,0
BRDA:105,13,1,0
BRDA:107,14,0,0
BRDA:107,14,1,0
BRDA:115,15,0,0
BRDA:115,15,1,0
BRDA:117,16,0,0
BRDA:117,16,1,0
BRDA:125,17,0,0
BRDA:125,17,1,0
BRDA:125,18,0,0
BRDA:125,18,1,0
BRDA:130,19,0,0
BRDA:130,19,1,0
BRDA:135,20,0,0
BRDA:135,20,1,0
BRDA:135,21,0,0
BRDA:135,21,1,0
BRDA:135,21,2,0
BRDA:135,21,3,0
BRDA:152,22,0,0
BRDA:152,22,1,0
BRDA:154,23,0,0
BRDA:154,23,1,0
BRDA:157,24,0,0
BRDA:157,24,1,0
BRDA:181,25,0,0
BRDA:181,25,1,0
BRDA:182,26,0,0
BRDA:182,26,1,0
BRDA:183,27,0,0
BRDA:183,27,1,0
BRDA:184,28,0,0
BRDA:184,28,1,0
BRDA:185,29,0,0
BRDA:185,29,1,0
BRDA:186,30,0,0
BRDA:186,30,1,0
BRDA:187,31,0,0
BRDA:187,31,1,0
BRDA:222,32,0,0
BRDA:222,32,1,0
BRDA:241,33,0,0
BRDA:241,33,1,0
BRDA:243,34,0,0
BRDA:243,34,1,0
BRDA:248,35,0,0
BRDA:248,35,1,0
BRDA:248,36,0,0
BRDA:248,36,1,0
BRDA:253,37,0,0
BRDA:253,37,1,0
BRDA:268,38,0,0
BRDA:268,38,1,0
BRDA:268,39,0,0
BRDA:268,39,1,0
BRDA:284,40,0,0
BRDA:284,40,1,0
BRDA:285,41,0,0
BRDA:285,41,1,0
BRDA:288,42,0,0
BRDA:288,42,1,0
BRDA:295,43,0,0
BRDA:295,43,1,0
BRDA:296,44,0,0
BRDA:296,44,1,0
BRDA:297,45,0,0
BRDA:297,45,1,0
BRDA:298,46,0,0
BRDA:298,46,1,0
BRDA:299,47,0,0
BRDA:299,47,1,0
BRDA:300,48,0,0
BRDA:300,48,1,0
BRDA:301,49,0,0
BRDA:301,49,1,0
BRDA:302,50,0,0
BRDA:302,50,1,0
BRDA:303,51,0,0
BRDA:303,51,1,0
BRDA:318,52,0,0
BRDA:318,52,1,0
BRDA:333,53,0,0
BRDA:333,53,1,0
BRDA:358,54,0,0
BRDA:358,54,1,0
BRDA:387,55,0,0
BRDA:387,55,1,0
BRDA:411,56,0,0
BRDA:411,56,1,0
BRDA:428,57,0,0
BRDA:430,58,0,0
BRDA:430,58,1,0
BRDA:430,59,0,0
BRDA:430,59,1,0
BRDA:476,60,0,0
BRDA:485,61,0,0
BRDA:485,61,1,0
BRDA:485,62,0,0
BRDA:485,62,1,0
BRDA:497,63,0,0
BRDA:497,63,1,0
BRDA:503,64,0,0
BRDA:503,64,1,0
BRDA:508,65,0,0
BRDA:508,65,1,0
BRDA:516,66,0,0
BRDA:516,66,1,0
BRDA:523,67,0,0
BRDA:523,67,1,0
BRDA:523,68,0,0
BRDA:523,68,1,0
BRDA:536,69,0,0
BRDA:536,69,1,0
BRDA:597,70,0,0
BRDA:597,70,1,0
BRDA:604,71,0,0
BRDA:604,71,1,0
BRDA:608,72,0,0
BRDA:608,72,1,0
BRDA:608,73,0,0
BRDA:608,73,1,0
BRDA:621,74,0,0
BRDA:621,74,1,0
BRDA:625,75,0,0
BRDA:625,75,1,0
BRDA:632,76,0,0
BRDA:632,76,1,0
BRDA:640,77,0,0
BRDA:640,77,1,0
BRDA:648,78,0,0
BRDA:648,78,1,0
BRDA:656,79,0,0
BRDA:656,79,1,0
BRF:160
BRH:0
end_of_record
TN:
SF:controllers\cartController.js
FN:4,(anonymous_0)
FN:18,(anonymous_1)
FN:34,(anonymous_2)
FN:53,(anonymous_3)
FN:65,(anonymous_4)
FN:66,(anonymous_5)
FN:75,(anonymous_6)
FN:91,(anonymous_7)
FN:100,(anonymous_8)
FN:101,(anonymous_9)
FN:110,(anonymous_10)
FN:118,(anonymous_11)
FN:125,(anonymous_12)
FNF:13
FNH:0
FNDA:0,(anonymous_0)
FNDA:0,(anonymous_1)
FNDA:0,(anonymous_2)
FNDA:0,(anonymous_3)
FNDA:0,(anonymous_4)
FNDA:0,(anonymous_5)
FNDA:0,(anonymous_6)
FNDA:0,(anonymous_7)
FNDA:0,(anonymous_8)
FNDA:0,(anonymous_9)
FNDA:0,(anonymous_10)
FNDA:0,(anonymous_11)
FNDA:0,(anonymous_12)
DA:1,9
DA:2,9
DA:4,9
DA:5,0
DA:6,0
DA:7,0
DA:8,0
DA:10,0
DA:12,0
DA:18,9
DA:19,0
DA:20,0
DA:21,0
DA:22,0
DA:26,0
DA:27,0
DA:28,0
DA:32,0
DA:33,0
DA:34,0
DA:35,0
DA:36,0
DA:38,0
DA:39,0
DA:45,0
DA:47,0
DA:48,0
DA:50,0
DA:51,0
DA:53,0
DA:54,0
DA:56,0
DA:59,0
DA:61,0
DA:65,0
DA:66,0
DA:67,0
DA:68,0
DA:70,0
DA:71,0
DA:75,9
DA:76,0
DA:77,0
DA:78,0
DA:80,0
DA:81,0
DA:83,0
DA:85,0
DA:86,0
DA:88,0
DA:89,0
DA:91,0
DA:92,0
DA:94,0
DA:97,0
DA:100,0
DA:101,0
DA:102,0
DA:103,0
DA:105,0
DA:106,0
DA:110,9
DA:111,0
DA:112,0
DA:113,0
DA:114,0
DA:115,0
DA:118,0
DA:120,0
DA:121,0
DA:125,0
DA:126,0
DA:127,0
DA:130,0
DA:134,9
LF:75
LH:7
BRDA:7,0,0,0
BRDA:7,0,1,0
BRDA:21,1,0,0
BRDA:21,1,1,0
BRDA:21,2,0,0
BRDA:21,2,1,0
BRDA:27,3,0,0
BRDA:27,3,1,0
BRDA:32,4,0,0
BRDA:32,4,1,0
BRDA:32,5,0,0
BRDA:32,5,1,0
BRDA:34,6,0,0
BRDA:34,6,1,0
BRDA:35,7,0,0
BRDA:35,7,1,0
BRDA:38,8,0,0
BRDA:38,8,1,0
BRDA:47,9,0,0
BRDA:47,9,1,0
BRDA:50,10,0,0
BRDA:50,10,1,0
BRDA:53,11,0,0
BRDA:53,11,1,0
BRDA:54,12,0,0
BRDA:54,12,1,0
BRDA:65,13,0,0
BRDA:65,13,1,0
BRDA:80,14,0,0
BRDA:80,14,1,0
BRDA:80,15,0,0
BRDA:80,15,1,0
BRDA:85,16,0,0
BRDA:85,16,1,0
BRDA:88,17,0,0
BRDA:88,17,1,0
BRDA:91,18,0,0
BRDA:91,18,1,0
BRDA:92,19,0,0
BRDA:92,19,1,0
BRDA:100,20,0,0
BRDA:100,20,1,0
BRDA:114,21,0,0
BRDA:114,21,1,0
BRDA:120,22,0,0
BRDA:120,22,1,0
BRF:46
BRH:0
end_of_record
TN:
SF:controllers\interactionController.js
FN:6,(anonymous_0)
FN:25,(anonymous_1)
FN:45,(anonymous_2)
FN:55,(anonymous_3)
FN:77,(anonymous_4)
FN:91,(anonymous_5)
FN:100,(anonymous_6)
FN:101,(anonymous_7)
FN:104,(anonymous_8)
FN:107,(anonymous_9)
FNF:10
FNH:0
FNDA:0,(anonymous_0)
FNDA:0,(anonymous_1)
FNDA:0,(anonymous_2)
FNDA:0,(anonymous_3)
FNDA:0,(anonymous_4)
FNDA:0,(anonymous_5)
FNDA:0,(anonymous_6)
FNDA:0,(anonymous_7)
FNDA:0,(anonymous_8)
FNDA:0,(anonymous_9)
DA:1,9
DA:2,9
DA:3,9
DA:6,9
DA:7,0
DA:8,0
DA:9,0
DA:11,0
DA:18,0
DA:20,0
DA:25,9
DA:26,0
DA:27,0
DA:28,0
DA:31,0
DA:44,0
DA:45,0
DA:46,0
DA:48,0
DA:50,0
DA:55,9
DA:56,0
DA:57,0
DA:58,0
DA:61,0
DA:70,0
DA:72,0
DA:77,9
DA:78,0
DA:79,0
DA:80,0
DA:84,0
DA:86,0
DA:91,9
DA:92,0
DA:93,0
DA:96,0
DA:99,0
DA:100,0
DA:101,0
DA:103,0
DA:104,0
DA:107,0
DA:108,0
DA:115,0
DA:117,0
LF:46
LH:8
BRDA:100,0,0,0
BRDA:100,0,1,0
BRF:2
BRH:0
end_of_record
TN:
SF:controllers\orderController.js
FN:16,(anonymous_0)
FN:33,(anonymous_1)
FN:50,(anonymous_2)
FN:57,(anonymous_3)
FN:70,(anonymous_4)
FN:73,(anonymous_5)
FN:84,(anonymous_6)
FN:144,(anonymous_7)
FN:186,(anonymous_8)
FN:197,(anonymous_9)
FN:198,(anonymous_10)
FN:199,(anonymous_11)
FN:200,(anonymous_12)
FN:239,(anonymous_13)
FN:241,(anonymous_14)
FN:263,(anonymous_15)
FN:320,(anonymous_16)
FN:341,(anonymous_17)
FN:357,(anonymous_18)
FN:399,(anonymous_19)
FN:426,(anonymous_20)
FN:453,(anonymous_21)
FN:476,(anonymous_22)
FN:493,(anonymous_23)
FN:510,(anonymous_24)
FN:527,(anonymous_25)
FN:589,(anonymous_26)
FN:673,(anonymous_27)
FN:694,(anonymous_28)
FN:713,(anonymous_29)
FN:724,(anonymous_30)
FNF:31
FNH:0
FNDA:0,(anonymous_0)
FNDA:0,(anonymous_1)
FNDA:0,(anonymous_2)
FNDA:0,(anonymous_3)
FNDA:0,(anonymous_4)
FNDA:0,(anonymous_5)
FNDA:0,(anonymous_6)
FNDA:0,(anonymous_7)
FNDA:0,(anonymous_8)
FNDA:0,(anonymous_9)
FNDA:0,(anonymous_10)
FNDA:0,(anonymous_11)
FNDA:0,(anonymous_12)
FNDA:0,(anonymous_13)
FNDA:0,(anonymous_14)
FNDA:0,(anonymous_15)
FNDA:0,(anonymous_16)
FNDA:0,(anonymous_17)
FNDA:0,(anonymous_18)
FNDA:0,(anonymous_19)
FNDA:0,(anonymous_20)
FNDA:0,(anonymous_21)
FNDA:0,(anonymous_22)
FNDA:0,(anonymous_23)
FNDA:0,(anonymous_24)
FNDA:0,(anonymous_25)
FNDA:0,(anonymous_26)
FNDA:0,(anonymous_27)
FNDA:0,(anonymous_28)
FNDA:0,(anonymous_29)
FNDA:0,(anonymous_30)
DA:1,9
DA:2,9
DA:3,9
DA:4,9
DA:5,9
DA:6,9
DA:7,9
DA:8,9
DA:9,9
DA:10,9
DA:11,9
DA:12,9
DA:13,9
DA:14,9
DA:16,9
DA:17,0
DA:18,0
DA:22,0
DA:23,0
DA:26,0
DA:28,0
DA:29,0
DA:33,9
DA:34,0
DA:35,0
DA:36,0
DA:38,0
DA:39,0
DA:42,0
DA:46,0
DA:47,0
DA:50,0
DA:51,0
DA:53,0
DA:54,0
DA:57,0
DA:59,0
DA:60,0
DA:63,0
DA:68,0
DA:69,0
DA:70,0
DA:72,0
DA:73,0
DA:75,0
DA:76,0
DA:83,0
DA:84,0
DA:85,0
DA:86,0
DA:88,0
DA:92,0
DA:105,0
DA:106,0
DA:115,0
DA:116,0
DA:117,0
DA:118,0
DA:120,0
DA:122,0
DA:125,0
DA:126,0
DA:128,0
DA:129,0
DA:130,0
DA:131,0
DA:132,0
DA:134,0
DA:136,0
DA:137,0
DA:143,0
DA:145,0
DA:146,0
DA:147,0
DA:148,0
DA:149,0
DA:155,0
DA:156,0
DA:160,0
DA:161,0
DA:162,0
DA:167,0
DA:168,0
DA:169,0
DA:170,0
DA:178,0
DA:179,0
DA:180,0
DA:182,0
DA:186,0
DA:192,0
DA:197,0
DA:198,0
DA:199,0
DA:200,0
DA:216,0
DA:218,0
DA:231,0
DA:238,0
DA:239,0
DA:240,0
DA:241,0
DA:244,0
DA:246,0
DA:252,0
DA:255,0
DA:256,0
DA:263,9
DA:264,0
DA:265,0
DA:266,0
DA:267,0
DA:270,0
DA:271,0
DA:275,0
DA:276,0
DA:277,0
DA:280,0
DA:281,0
DA:282,0
DA:283,0
DA:285,0
DA:286,0
DA:287,0
DA:288,0
DA:289,0
DA:291,0
DA:292,0
DA:294,0
DA:298,0
DA:300,0
DA:301,0
DA:302,0
DA:305,0
DA:307,0
DA:308,0
DA:309,0
DA:312,0
DA:313,0
DA:320,9
DA:321,0
DA:322,0
DA:323,0
DA:324,0
DA:328,0
DA:329,0
DA:330,0
DA:332,0
DA:333,0
DA:337,0
DA:338,0
DA:341,0
DA:342,0
DA:345,0
DA:346,0
DA:349,0
DA:350,0
DA:354,0
DA:357,0
DA:385,0
DA:391,0
DA:392,0
DA:399,9
DA:400,0
DA:401,0
DA:402,0
DA:403,0
DA:405,0
DA:406,0
DA:407,0
DA:410,0
DA:416,0
DA:417,0
DA:420,0
DA:426,0
DA:427,0
DA:433,0
DA:435,0
DA:436,0
DA:442,0
DA:443,0
DA:444,0
DA:446,0
DA:448,0
DA:449,0
DA:453,9
DA:454,0
DA:455,0
DA:457,0
DA:458,0
DA:459,0
DA:463,0
DA:464,0
DA:467,0
DA:470,0
DA:472,0
DA:473,0
DA:476,0
DA:478,0
DA:482,0
DA:483,0
DA:486,0
DA:488,0
DA:489,0
DA:493,9
DA:494,0
DA:495,0
DA:496,0
DA:497,0
DA:498,0
DA:499,0
DA:501,0
DA:502,0
DA:503,0
DA:504,0
DA:506,0
DA:509,0
DA:510,0
DA:511,0
DA:512,0
DA:515,0
DA:518,0
DA:519,0
DA:521,0
DA:523,0
DA:527,9
DA:528,0
DA:529,0
DA:532,0
DA:533,0
DA:534,0
DA:538,0
DA:539,0
DA:540,0
DA:544,0
DA:547,0
DA:548,0
DA:549,0
DA:550,0
DA:554,0
DA:555,0
DA:562,0
DA:563,0
DA:564,0
DA:568,0
DA:569,0
DA:572,0
DA:581,0
DA:589,9
DA:590,0
DA:591,0
DA:592,0
DA:593,0
DA:594,0
DA:596,0
DA:600,0
DA:601,0
DA:604,0
DA:605,0
DA:608,0
DA:609,0
DA:610,0
DA:613,0
DA:614,0
DA:615,0
DA:618,0
DA:619,0
DA:620,0
DA:621,0
DA:622,0
DA:623,0
DA:624,0
DA:625,0
DA:627,0
DA:634,0
DA:635,0
DA:638,0
DA:639,0
DA:640,0
DA:643,0
DA:644,0
DA:645,0
DA:652,0
DA:653,0
DA:656,0
DA:657,0
DA:662,0
DA:663,0
DA:664,0
DA:670,0
DA:673,0
DA:674,0
DA:675,0
DA:682,0
DA:689,0
DA:690,0
DA:694,9
DA:695,0
DA:696,0
DA:697,0
DA:698,0
DA:701,0
DA:703,0
DA:704,0
DA:707,0
DA:709,0
DA:713,9
DA:714,0
DA:715,0
DA:716,0
DA:717,0
DA:718,0
DA:720,0
DA:721,0
DA:724,0
DA:726,0
DA:737,0
DA:740,0
DA:744,9
LF:319
LH:26
BRDA:22,0,0,0
BRDA:22,0,1,0
BRDA:38,1,0,0
BRDA:38,1,1,0
BRDA:38,2,0,0
BRDA:38,2,1,0
BRDA:46,3,0,0
BRDA:46,3,1,0
BRDA:53,4,0,0
BRDA:53,4,1,0
BRDA:57,5,0,0
BRDA:57,5,1,0
BRDA:59,6,0,0
BRDA:59,6,1,0
BRDA:59,7,0,0
BRDA:59,7,1,0
BRDA:68,8,0,0
BRDA:68,8,1,0
BRDA:75,9,0,0
BRDA:75,9,1,0
BRDA:86,10,0,0
BRDA:86,10,1,0
BRDA:88,11,0,0
BRDA:88,11,1,0
BRDA:88,11,2,0
BRDA:88,11,3,0
BRDA:99,12,0,0
BRDA:99,12,1,0
BRDA:115,13,0,0
BRDA:115,13,1,0
BRDA:117,14,0,0
BRDA:117,14,1,0
BRDA:128,15,0,0
BRDA:128,15,1,0
BRDA:131,16,0,0
BRDA:131,16,1,0
BRDA:131,17,0,0
BRDA:131,17,1,0
BRDA:131,17,2,0
BRDA:145,18,0,0
BRDA:145,18,1,0
BRDA:146,19,0,0
BRDA:146,19,1,0
BRDA:146,20,0,0
BRDA:146,20,1,0
BRDA:182,21,0,0
BRDA:182,21,1,0
BRDA:198,22,0,0
BRDA:198,22,1,0
BRDA:203,23,0,0
BRDA:203,23,1,0
BRDA:207,24,0,0
BRDA:207,24,1,0
BRDA:210,25,0,0
BRDA:210,25,1,0
BRDA:211,26,0,0
BRDA:211,26,1,0
BRDA:221,27,0,0
BRDA:221,27,1,0
BRDA:222,28,0,0
BRDA:222,28,1,0
BRDA:223,29,0,0
BRDA:223,29,1,0
BRDA:238,30,0,0
BRDA:238,30,1,0
BRDA:241,31,0,0
BRDA:241,31,1,0
BRDA:258,32,0,0
BRDA:258,32,1,0
BRDA:266,33,0,0
BRDA:266,33,1,0
BRDA:276,34,0,0
BRDA:276,34,1,0
BRDA:280,35,0,0
BRDA:280,35,1,0
BRDA:280,36,0,0
BRDA:280,36,1,0
BRDA:286,37,0,0
BRDA:286,37,1,0
BRDA:286,38,0,0
BRDA:286,38,1,0
BRDA:288,39,0,0
BRDA:288,39,1,0
BRDA:291,40,0,0
BRDA:291,40,1,0
BRDA:301,41,0,0
BRDA:301,41,1,0
BRDA:312,42,0,0
BRDA:312,42,1,0
BRDA:315,43,0,0
BRDA:315,43,1,0
BRDA:323,44,0,0
BRDA:323,44,1,0
BRDA:337,45,0,0
BRDA:337,45,1,0
BRDA:337,46,0,0
BRDA:337,46,1,0
BRDA:345,47,0,0
BRDA:345,47,1,0
BRDA:349,48,0,0
BRDA:349,48,1,0
BRDA:351,49,0,0
BRDA:351,49,1,0
BRDA:364,50,0,0
BRDA:364,50,1,0
BRDA:364,51,0,0
BRDA:364,51,1,0
BRDA:391,52,0,0
BRDA:391,52,1,0
BRDA:394,53,0,0
BRDA:394,53,1,0
BRDA:406,54,0,0
BRDA:406,54,1,0
BRDA:406,55,0,0
BRDA:406,55,1,0
BRDA:406,55,2,0
BRDA:406,55,3,0
BRDA:416,56,0,0
BRDA:416,56,1,0
BRDA:433,57,0,0
BRDA:433,57,1,0
BRDA:435,58,0,0
BRDA:435,58,1,0
BRDA:438,59,0,0
BRDA:438,59,1,0
BRDA:458,60,0,0
BRDA:458,60,1,0
BRDA:463,61,0,0
BRDA:463,61,1,0
BRDA:463,62,0,0
BRDA:463,62,1,0
BRDA:472,63,0,0
BRDA:472,63,1,0
BRDA:482,64,0,0
BRDA:482,64,1,0
BRDA:498,65,0,0
BRDA:498,65,1,0
BRDA:501,66,0,0
BRDA:501,66,1,0
BRDA:503,67,0,0
BRDA:503,67,1,0
BRDA:511,68,0,0
BRDA:511,68,1,0
BRDA:518,69,0,0
BRDA:518,69,1,0
BRDA:532,70,0,0
BRDA:532,70,1,0
BRDA:538,71,0,0
BRDA:538,71,1,0
BRDA:548,72,0,0
BRDA:548,72,1,0
BRDA:562,73,0,0
BRDA:562,73,1,0
BRDA:600,74,0,0
BRDA:600,74,1,0
BRDA:604,75,0,0
BRDA:604,75,1,0
BRDA:604,76,0,0
BRDA:604,76,1,0
BRDA:609,77,0,0
BRDA:609,77,1,0
BRDA:615,78,0,0
BRDA:615,78,1,0
BRDA:618,79,0,0
BRDA:618,79,1,0
BRDA:622,80,0,0
BRDA:622,80,1,0
BRDA:634,81,0,0
BRDA:634,81,1,0
BRDA:639,82,0,0
BRDA:639,82,1,0
BRDA:644,83,0,0
BRDA:644,83,1,0
BRDA:644,84,0,0
BRDA:644,84,1,0
BRDA:648,85,0,0
BRDA:648,85,1,0
BRDA:648,86,0,0
BRDA:648,86,1,0
BRDA:656,87,0,0
BRDA:656,87,1,0
BRDA:663,88,0,0
BRDA:663,88,1,0
BRDA:663,89,0,0
BRDA:663,89,1,0
BRDA:678,90,0,0
BRDA:678,90,1,0
BRDA:697,91,0,0
BRDA:697,91,1,0
BRDA:703,92,0,0
BRDA:703,92,1,0
BRDA:717,93,0,0
BRDA:717,93,1,0
BRDA:720,94,0,0
BRDA:720,94,1,0
BRF:195
BRH:0
end_of_record
TN:
SF:controllers\reviewController.js
FN:5,(anonymous_0)
FN:43,(anonymous_1)
FN:55,(anonymous_2)
FN:69,(anonymous_3)
FN:122,(anonymous_4)
FN:138,(anonymous_5)
FN:163,(anonymous_6)
FNF:7
FNH:0
FNDA:0,(anonymous_0)
FNDA:0,(anonymous_1)
FNDA:0,(anonymous_2)
FNDA:0,(anonymous_3)
FNDA:0,(anonymous_4)
FNDA:0,(anonymous_5)
FNDA:0,(anonymous_6)
DA:1,9
DA:2,9
DA:3,9
DA:5,9
DA:6,0
DA:7,0
DA:8,0
DA:9,0
DA:11,0
DA:12,0
DA:16,0
DA:17,0
DA:19,0
DA:20,0
DA:24,0
DA:25,0
DA:26,0
DA:30,0
DA:37,0
DA:40,0
DA:41,0
DA:42,0
DA:43,0
DA:45,0
DA:47,0
DA:49,0
DA:55,9
DA:56,0
DA:57,0
DA:58,0
DA:62,0
DA:64,0
DA:69,9
DA:70,0
DA:71,0
DA:72,0
DA:75,0
DA:76,0
DA:77,0
DA:81,0
DA:82,0
DA:86,0
DA:88,0
DA:89,0
DA:90,0
DA:92,0
DA:93,0
DA:97,0
DA:98,0
DA:102,0
DA:103,0
DA:111,0
DA:118,0
DA:119,0
DA:121,0
DA:122,0
DA:124,0
DA:126,0
DA:132,0
DA:138,9
DA:139,0
DA:140,0
DA:143,0
DA:144,0
DA:145,0
DA:149,0
DA:150,0
DA:154,0
DA:157,0
DA:158,0
DA:160,0
DA:161,0
DA:163,0
DA:166,0
DA:168,0
DA:170,0
DA:175,9
LF:77
LH:8
BRDA:11,0,0,0
BRDA:11,0,1,0
BRDA:19,1,0,0
BRDA:19,1,1,0
BRDA:25,2,0,0
BRDA:25,2,1,0
BRDA:76,3,0,0
BRDA:76,3,1,0
BRDA:81,4,0,0
BRDA:81,4,1,0
BRDA:88,5,0,0
BRDA:88,5,1,0
BRDA:89,6,0,0
BRDA:89,6,1,0
BRDA:89,7,0,0
BRDA:89,7,1,0
BRDA:92,8,0,0
BRDA:92,8,1,0
BRDA:97,9,0,0
BRDA:97,9,1,0
BRDA:97,10,0,0
BRDA:97,10,1,0
BRDA:102,11,0,0
BRDA:102,11,1,0
BRDA:144,12,0,0
BRDA:144,12,1,0
BRDA:149,13,0,0
BRDA:149,13,1,0
BRDA:162,14,0,0
BRDA:162,14,1,0
BRF:30
BRH:0
end_of_record
TN:
SF:controllers\sellerController.js
FN:7,(anonymous_0)
FN:63,(anonymous_1)
FN:65,(anonymous_2)
FN:100,(anonymous_3)
FN:102,(anonymous_4)
FN:121,(anonymous_5)
FN:122,(anonymous_6)
FNF:7
FNH:0
FNDA:0,(anonymous_0)
FNDA:0,(anonymous_1)
FNDA:0,(anonymous_2)
FNDA:0,(anonymous_3)
FNDA:0,(anonymous_4)
FNDA:0,(anonymous_5)
FNDA:0,(anonymous_6)
DA:1,9
DA:2,9
DA:3,9
DA:4,9
DA:5,9
DA:7,9
DA:8,0
DA:11,0
DA:12,0
DA:13,0
DA:21,0
DA:22,0
DA:23,0
DA:24,0
DA:25,0
DA:26,0
DA:27,0
DA:29,0
DA:31,0
DA:32,0
DA:33,0
DA:36,0
DA:37,0
DA:38,0
DA:39,0
DA:43,0
DA:46,0
DA:54,0
DA:63,0
DA:64,0
DA:65,0
DA:68,0
DA:69,0
DA:70,0
DA:72,0
DA:73,0
DA:74,0
DA:75,0
DA:77,0
DA:78,0
DA:83,0
DA:100,0
DA:101,0
DA:102,0
DA:105,0
DA:121,0
DA:122,0
DA:131,0
DA:145,0
DA:155,9
LF:50
LH:7
BRDA:12,0,0,0
BRDA:12,0,1,0
BRDA:23,1,0,0
BRDA:23,1,1,0
BRDA:23,2,0,0
BRDA:23,2,1,0
BRDA:26,3,0,0
BRDA:26,3,1,0
BRDA:26,4,0,0
BRDA:26,4,1,0
BRDA:26,4,2,0
BRDA:68,5,0,0
BRDA:68,5,1,0
BRDA:70,6,0,0
BRDA:70,6,1,0
BRDA:72,7,0,0
BRDA:72,7,1,0
BRDA:74,8,0,0
BRDA:74,8,1,0
BRDA:77,9,0,0
BRDA:77,9,1,0
BRDA:117,10,0,0
BRDA:117,10,1,0
BRF:23
BRH:0
end_of_record
TN:
SF:controllers\userController.js
FN:13,(anonymous_0)
FN:23,(anonymous_1)
FN:33,(anonymous_2)
FN:46,(anonymous_3)
FN:62,(anonymous_4)
FN:75,(anonymous_5)
FN:92,(anonymous_6)
FN:94,(anonymous_7)
FN:95,(anonymous_8)
FN:118,(anonymous_9)
FN:130,(anonymous_10)
FN:157,(anonymous_11)
FN:186,(anonymous_12)
FN:195,(anonymous_13)
FN:204,(anonymous_14)
FN:289,(anonymous_15)
FN:320,(anonymous_16)
FN:339,(anonymous_17)
FN:359,(anonymous_18)
FN:382,(anonymous_19)
FNF:20
FNH:0
FNDA:0,(anonymous_0)
FNDA:0,(anonymous_1)
FNDA:0,(anonymous_2)
FNDA:0,(anonymous_3)
FNDA:0,(anonymous_4)
FNDA:0,(anonymous_5)
FNDA:0,(anonymous_6)
FNDA:0,(anonymous_7)
FNDA:0,(anonymous_8)
FNDA:0,(anonymous_9)
FNDA:0,(anonymous_10)
FNDA:0,(anonymous_11)
FNDA:0,(anonymous_12)
FNDA:0,(anonymous_13)
FNDA:0,(anonymous_14)
FNDA:0,(anonymous_15)
FNDA:0,(anonymous_16)
FNDA:0,(anonymous_17)
FNDA:0,(anonymous_18)
FNDA:0,(anonymous_19)
DA:1,9
DA:2,9
DA:3,9
DA:4,9
DA:5,9
DA:6,9
DA:7,9
DA:8,9
DA:9,9
DA:10,9
DA:13,9
DA:14,0
DA:15,0
DA:16,0
DA:18,0
DA:23,9
DA:24,0
DA:25,0
DA:26,0
DA:28,0
DA:33,9
DA:34,0
DA:35,0
DA:36,0
DA:37,0
DA:39,0
DA:41,0
DA:46,9
DA:47,0
DA:48,0
DA:52,0
DA:53,0
DA:55,0
DA:57,0
DA:62,9
DA:63,0
DA:64,0
DA:65,0
DA:66,0
DA:68,0
DA:70,0
DA:75,9
DA:76,0
DA:77,0
DA:79,0
DA:88,0
DA:89,0
DA:92,0
DA:93,0
DA:94,0
DA:95,0
DA:110,0
DA:112,0
DA:113,0
DA:118,9
DA:119,0
DA:120,0
DA:121,0
DA:130,0
DA:146,0
DA:151,0
DA:152,0
DA:157,9
DA:158,0
DA:159,0
DA:166,0
DA:167,0
DA:173,0
DA:178,0
DA:186,9
DA:187,0
DA:195,9
DA:196,0
DA:204,9
DA:205,0
DA:206,0
DA:207,0
DA:210,0
DA:211,0
DA:212,0
DA:216,0
DA:219,0
DA:220,0
DA:224,0
DA:226,0
DA:227,0
DA:228,0
DA:230,0
DA:231,0
DA:235,0
DA:237,0
DA:238,0
DA:239,0
DA:243,0
DA:244,0
DA:248,0
DA:249,0
DA:250,0
DA:255,0
DA:256,0
DA:257,0
DA:259,0
DA:271,0
DA:272,0
DA:276,0
DA:282,0
DA:284,0
DA:289,9
DA:290,0
DA:291,0
DA:292,0
DA:295,0
DA:296,0
DA:297,0
DA:301,0
DA:302,0
DA:303,0
DA:307,0
DA:310,0
DA:311,0
DA:313,0
DA:315,0
DA:320,9
DA:321,0
DA:322,0
DA:326,0
DA:331,0
DA:339,9
DA:340,0
DA:341,0
DA:346,0
DA:351,0
DA:359,9
DA:360,0
DA:361,0
DA:369,0
DA:374,0
DA:382,9
DA:383,0
DA:384,0
DA:385,0
DA:386,0
DA:390,0
DA:395,0
DA:396,0
DA:400,0
DA:401,0
DA:402,0
DA:406,0
DA:414,0
DA:417,0
DA:419,0
DA:421,0
LF:153
LH:26
BRDA:36,0,0,0
BRDA:36,0,1,0
BRDA:52,1,0,0
BRDA:52,1,1,0
BRDA:65,2,0,0
BRDA:65,2,1,0
BRDA:88,3,0,0
BRDA:88,3,1,0
BRDA:88,4,0,0
BRDA:88,4,1,0
BRDA:103,5,0,0
BRDA:103,5,1,0
BRDA:103,6,0,0
BRDA:103,6,1,0
BRDA:137,7,0,0
BRDA:137,7,1,0
BRDA:166,8,0,0
BRDA:166,8,1,0
BRDA:186,9,0,0
BRDA:190,10,0,0
BRDA:190,10,1,0
BRDA:195,11,0,0
BRDA:211,12,0,0
BRDA:211,12,1,0
BRDA:219,13,0,0
BRDA:219,13,1,0
BRDA:219,14,0,0
BRDA:219,14,1,0
BRDA:224,15,0,0
BRDA:224,15,1,0
BRDA:224,16,0,0
BRDA:224,16,1,0
BRDA:227,17,0,0
BRDA:227,17,1,0
BRDA:227,18,0,0
BRDA:227,18,1,0
BRDA:235,19,0,0
BRDA:235,19,1,0
BRDA:235,20,0,0
BRDA:235,20,1,0
BRDA:238,21,0,0
BRDA:238,21,1,0
BRDA:248,22,0,0
BRDA:248,22,1,0
BRDA:249,23,0,0
BRDA:249,23,1,0
BRDA:249,24,0,0
BRDA:249,24,1,0
BRDA:255,25,0,0
BRDA:255,25,1,0
BRDA:257,26,0,0
BRDA:257,26,1,0
BRDA:257,27,0,0
BRDA:257,27,1,0
BRDA:257,27,2,0
BRDA:257,27,3,0
BRDA:260,28,0,0
BRDA:260,28,1,0
BRDA:262,29,0,0
BRDA:262,29,1,0
BRDA:263,30,0,0
BRDA:263,30,1,0
BRDA:271,31,0,0
BRDA:271,31,1,0
BRDA:291,32,0,0
BRDA:291,32,1,0
BRDA:296,33,0,0
BRDA:296,33,1,0
BRDA:301,34,0,0
BRDA:301,34,1,0
BRDA:385,35,0,0
BRDA:385,35,1,0
BRDA:395,36,0,0
BRDA:395,36,1,0
BRDA:400,37,0,0
BRDA:400,37,1,0
BRF:76
BRH:0
end_of_record
TN:
SF:controllers\webhookController.js
FN:6,(anonymous_0)
FNF:1
FNH:0
FNDA:0,(anonymous_0)
DA:1,9
DA:2,9
DA:4,9
DA:6,9
DA:7,0
DA:9,0
DA:10,0
DA:15,0
DA:16,0
DA:17,0
DA:20,0
DA:23,0
DA:24,0
DA:25,0
DA:26,0
DA:27,0
DA:28,0
DA:29,0
DA:30,0
DA:32,0
DA:37,0
DA:38,0
DA:39,0
DA:40,0
DA:41,0
DA:42,0
DA:43,0
DA:45,0
DA:49,0
DA:51,0
DA:52,0
DA:56,9
LF:32
LH:5
BRDA:9,0,0,0
BRDA:9,0,1,0
BRDA:15,1,0,0
BRDA:15,1,1,0
BRDA:15,2,0,0
BRDA:15,2,1,0
BRDA:23,3,0,0
BRDA:23,3,1,0
BRDA:23,4,0,0
BRDA:23,4,1,0
BRDA:25,5,0,0
BRDA:25,5,1,0
BRDA:37,6,0,0
BRDA:37,6,1,0
BRDA:37,7,0,0
BRDA:37,7,1,0
BRDA:39,8,0,0
BRDA:39,8,1,0
BRF:18
BRH:0
end_of_record
TN:
SF:controllers\wishlistController.js
FN:9,(anonymous_0)
FN:45,(anonymous_1)
FN:57,(anonymous_2)
FN:76,(anonymous_3)
FN:104,(anonymous_4)
FN:117,(anonymous_5)
FNF:6
FNH:0
FNDA:0,(anonymous_0)
FNDA:0,(anonymous_1)
FNDA:0,(anonymous_2)
FNDA:0,(anonymous_3)
FNDA:0,(anonymous_4)
FNDA:0,(anonymous_5)
DA:1,9
DA:2,9
DA:3,9
DA:4,9
DA:9,9
DA:10,0
DA:11,0
DA:12,0
DA:15,0
DA:16,0
DA:17,0
DA:20,0
DA:25,0
DA:26,0
DA:27,0
DA:28,0
DA:29,0
DA:31,0
DA:34,0
DA:39,0
DA:45,9
DA:46,0
DA:51,0
DA:57,9
DA:58,0
DA:63,0
DA:64,0
DA:67,0
DA:68,0
DA:70,0
DA:76,9
DA:77,0
DA:83,0
DA:84,0
DA:87,0
DA:88,0
DA:89,0
DA:93,0
DA:94,0
DA:98,0
DA:99,0
DA:100,0
DA:104,0
DA:105,0
DA:106,0
DA:110,0
DA:117,0
DA:118,0
DA:119,0
DA:121,0
DA:127,0
DA:133,9
LF:52
LH:9
BRDA:11,0,0,0
BRDA:11,0,1,0
BRDA:16,1,0,0
BRDA:16,1,1,0
BRDA:25,2,0,0
BRDA:25,2,1,0
BRDA:26,3,0,0
BRDA:26,3,1,0
BRDA:63,4,0,0
BRDA:63,4,1,0
BRDA:83,5,0,0
BRDA:83,5,1,0
BRDA:88,6,0,0
BRDA:88,6,1,0
BRDA:93,7,0,0
BRDA:93,7,1,0
BRDA:93,8,0,0
BRDA:93,8,1,0
BRDA:93,8,2,0
BRDA:99,9,0,0
BRDA:99,9,1,0
BRDA:105,10,0,0
BRDA:105,10,1,0
BRDA:113,11,0,0
BRDA:113,11,1,0
BRDA:118,12,0,0
BRDA:118,12,1,0
BRDA:118,13,0,0
BRDA:118,13,1,0
BRF:29
BRH:0
end_of_record
TN:
SF:middlewares\authMiddleware.js
FN:63,(anonymous_0)
FN:102,(anonymous_1)
FN:110,(anonymous_2)
FN:118,(anonymous_3)
FN:119,(anonymous_4)
FNF:5
FNH:3
FNDA:14,(anonymous_0)
FNDA:0,(anonymous_1)
FNDA:0,(anonymous_2)
FNDA:56,(anonymous_3)
FNDA:2,(anonymous_4)
DA:60,10
DA:61,10
DA:63,10
DA:67,14
DA:68,0
DA:71,14
DA:72,11
DA:76,14
DA:77,3
DA:80,11
DA:82,11
DA:85,11
DA:87,0
DA:88,0
DA:92,0
DA:94,11
DA:95,11
DA:96,0
DA:98,11
DA:102,10
DA:103,0
DA:104,0
DA:106,0
DA:110,10
DA:111,0
DA:112,0
DA:114,0
DA:118,10
DA:119,56
DA:120,2
DA:121,1
DA:125,1
DA:130,10
LF:33
LH:22
BRDA:67,0,0,0
BRDA:67,0,1,14
BRDA:67,1,0,14
BRDA:67,1,1,14
BRDA:71,2,0,11
BRDA:71,2,1,3
BRDA:71,3,0,14
BRDA:71,3,1,11
BRDA:76,4,0,3
BRDA:76,4,1,11
BRDA:87,5,0,0
BRDA:87,5,1,0
BRDA:95,6,0,0
BRDA:95,6,1,11
BRDA:103,7,0,0
BRDA:103,7,1,0
BRDA:103,8,0,0
BRDA:103,8,1,0
BRDA:111,9,0,0
BRDA:111,9,1,0
BRDA:111,10,0,0
BRDA:111,10,1,0
BRDA:120,11,0,1
BRDA:120,11,1,1
BRF:24
BRH:12
end_of_record
TN:
SF:middlewares\maintenanceMiddleware.js
FN:3,(anonymous_0)
FNF:1
FNH:1
FNDA:58,(anonymous_0)
DA:1,9
DA:3,9
DA:4,58
DA:5,58
DA:8,58
DA:11,0
DA:13,0
DA:14,0
DA:17,0
DA:24,58
DA:27,0
DA:29,0
DA:33,9
LF:13
LH:7
BRDA:8,0,0,0
BRDA:8,0,1,58
BRDA:13,1,0,0
BRDA:13,1,1,0
BRF:4
BRH:1
end_of_record
TN:
SF:models\ReviewModel.js
FNF:0
FNH:0
DA:1,9
DA:3,9
DA:11,9
LF:3
LH:3
BRF:0
BRH:0
end_of_record
TN:
SF:models\bookModel.js
FN:30,(anonymous_0)
FN:96,(anonymous_1)
FN:146,(anonymous_2)
FN:154,(anonymous_3)
FN:159,(anonymous_4)
FN:174,(anonymous_5)
FN:184,(anonymous_6)
FN:194,(anonymous_7)
FN:201,(anonymous_8)
FN:210,(anonymous_9)
FNF:10
FNH:7
FNDA:96,(anonymous_0)
FNDA:96,(anonymous_1)
FNDA:3,(anonymous_2)
FNDA:2,(anonymous_3)
FNDA:3,(anonymous_4)
FNDA:2,(anonymous_5)
FNDA:0,(anonymous_6)
FNDA:0,(anonymous_7)
FNDA:83,(anonymous_8)
FNDA:0,(anonymous_9)
DA:1,10
DA:3,10
DA:31,96
DA:97,96
DA:126,10
DA:129,10
DA:138,10
DA:146,10
DA:147,3
DA:148,0
DA:150,3
DA:154,10
DA:155,2
DA:159,10
DA:160,3
DA:161,0
DA:164,3
DA:165,3
DA:166,1
DA:169,2
DA:170,2
DA:174,10
DA:175,2
DA:176,0
DA:179,2
DA:180,2
DA:184,10
DA:185,0
DA:186,0
DA:188,0
DA:189,0
DA:190,0
DA:191,0
DA:194,0
DA:195,0
DA:196,0
DA:197,0
DA:201,10
DA:202,83
DA:203,83
DA:210,10
DA:211,0
DA:212,0
DA:218,10
LF:44
LH:29
BRDA:31,0,0,96
BRDA:31,0,1,93
BRDA:97,1,0,96
BRDA:97,1,1,93
BRDA:147,2,0,0
BRDA:147,2,1,3
BRDA:147,3,0,3
BRDA:147,3,1,3
BRDA:160,4,0,0
BRDA:160,4,1,3
BRDA:160,5,0,3
BRDA:160,5,1,3
BRDA:165,6,0,1
BRDA:165,6,1,2
BRDA:174,7,0,0
BRDA:175,8,0,0
BRDA:175,8,1,2
BRDA:188,9,0,0
BRDA:188,9,1,0
BRF:19
BRH:13
end_of_record
TN:
SF:models\bookShopModel.js
FN:156,(anonymous_0)
FNF:1
FNH:1
FNDA:167,(anonymous_0)
DA:1,10
DA:3,10
DA:157,167
DA:187,10
DA:190,10
DA:197,10
LF:6
LH:6
BRDA:157,0,0,167
BRDA:157,0,1,167
BRDA:157,0,2,167
BRDA:157,0,3,167
BRDA:157,0,4,167
BRF:5
BRH:5
end_of_record
TN:
SF:models\bookShopReviewModel.js
FN:36,(anonymous_0)
FN:42,(anonymous_1)
FN:51,(anonymous_2)
FN:58,(anonymous_3)
FNF:4
FNH:0
FNDA:0,(anonymous_0)
FNDA:0,(anonymous_1)
FNDA:0,(anonymous_2)
FNDA:0,(anonymous_3)
DA:1,9
DA:3,9
DA:33,9
DA:36,9
DA:37,0
DA:38,0
DA:40,0
DA:41,0
DA:42,0
DA:44,0
DA:45,0
DA:46,0
DA:51,9
DA:52,0
DA:53,0
DA:55,0
DA:56,0
DA:57,0
DA:58,0
DA:59,0
DA:60,0
DA:62,0
DA:63,0
DA:65,0
DA:69,9
LF:25
LH:6
BRDA:40,0,0,0
BRDA:40,0,1,0
BRDA:55,1,0,0
BRDA:55,1,1,0
BRDA:57,2,0,0
BRDA:57,2,1,0
BRF:6
BRH:0
end_of_record
TN:
SF:models\cartModel.js
FNF:0
FNH:0
DA:1,9
DA:3,9
DA:32,9
LF:3
LH:3
BRF:0
BRH:0
end_of_record
TN:
SF:models\interactionModel.js
FN:23,(anonymous_0)
FN:30,(anonymous_1)
FNF:2
FNH:0
FNDA:0,(anonymous_0)
FNDA:0,(anonymous_1)
DA:1,9
DA:3,9
DA:24,0
DA:31,0
DA:41,9
DA:43,9
DA:45,9
LF:7
LH:5
BRF:0
BRH:0
end_of_record
TN:
SF:models\notificationModel.js
FNF:0
FNH:0
DA:1,9
DA:3,9
DA:38,9
LF:3
LH:3
BRF:0
BRH:0
end_of_record
TN:
SF:models\orderModel.js
FN:185,(anonymous_0)
FN:189,(anonymous_1)
FNF:2
FNH:0
FNDA:0,(anonymous_0)
FNDA:0,(anonymous_1)
DA:61,9
DA:63,9
DA:181,9
DA:182,9
DA:185,9
DA:186,0
DA:189,9
DA:190,0
DA:193,9
LF:9
LH:7
BRF:0
BRH:0
end_of_record
TN:
SF:models\settingsModel.js
FN:23,(anonymous_0)
FNF:1
FNH:1
FNDA:58,(anonymous_0)
DA:1,9
DA:3,9
DA:18,9
DA:20,9
DA:23,9
DA:24,58
DA:25,58
DA:26,58
DA:28,58
DA:31,9
LF:10
LH:10
BRDA:25,0,0,58
BRDA:25,0,1,0
BRF:2
BRH:1
end_of_record
TN:
SF:models\userModel.js
FN:60,(anonymous_0)
FN:68,(anonymous_1)
FN:74,(anonymous_2)
FN:78,(anonymous_3)
FN:85,(anonymous_4)
FN:98,validateUser
FNF:6
FNH:5
FNDA:326,(anonymous_0)
FNDA:5,(anonymous_1)
FNDA:6,(anonymous_2)
FNDA:4,(anonymous_3)
FNDA:7,(anonymous_4)
FNDA:0,validateUser
DA:1,12
DA:2,12
DA:3,12
DA:4,12
DA:5,12
DA:6,12
DA:8,12
DA:60,12
DA:61,326
DA:62,12
DA:64,326
DA:65,326
DA:68,12
DA:69,5
DA:74,12
DA:75,6
DA:78,12
DA:79,4
DA:80,4
DA:81,4
DA:82,4
DA:85,12
DA:86,7
DA:90,7
DA:94,7
DA:95,7
DA:99,0
DA:111,0
DA:114,12
LF:29
LH:27
BRDA:61,0,0,12
BRDA:61,0,1,314
BRF:2
BRH:2
end_of_record
TN:
SF:models\wishlistModel.js
FN:30,validateWishlist
FNF:1
FNH:0
FNDA:0,validateWishlist
DA:1,9
DA:2,9
DA:4,9
DA:27,9
DA:31,0
DA:35,0
DA:38,9
DA:40,9
LF:8
LH:6
BRF:0
BRH:0
end_of_record
TN:
SF:routes\adminRoutes.js
FNF:0
FNH:0
DA:1,9
DA:2,9
DA:17,9
DA:18,9
DA:20,9
DA:21,9
DA:23,9
DA:24,9
DA:25,9
DA:26,9
DA:27,9
DA:28,9
DA:29,9
DA:30,9
DA:31,9
DA:32,9
DA:33,9
DA:34,9
DA:35,9
DA:37,9
LF:20
LH:20
BRF:0
BRH:0
end_of_record
TN:
SF:routes\authRoutes.js
FN:24,(anonymous_0)
FNF:1
FNH:0
FNDA:0,(anonymous_0)
DA:1,9
DA:2,9
DA:3,9
DA:4,9
DA:5,9
DA:7,9
DA:17,9
DA:19,9
DA:20,9
DA:21,9
DA:22,9
DA:23,9
DA:24,9
DA:25,0
DA:29,9
DA:31,9
LF:16
LH:15
BRF:0
BRH:0
end_of_record
TN:
SF:routes\bookRoutes.js
FNF:0
FNH:0
DA:2,9
DA:3,9
DA:5,9
DA:7,9
DA:18,9
DA:21,9
DA:22,9
DA:23,9
DA:24,9
DA:25,9
DA:26,9
DA:36,9
DA:46,9
DA:48,9
DA:49,9
LF:15
LH:15
BRF:0
BRH:0
end_of_record
TN:
SF:routes\bookShopRoutes.js
FN:25,(anonymous_0)
FNF:1
FNH:0
FNDA:0,(anonymous_0)
DA:1,9
DA:2,9
DA:3,9
DA:15,9
DA:16,9
DA:19,9
DA:20,9
DA:26,0
DA:27,0
DA:29,0
DA:35,9
DA:36,9
DA:37,9
DA:40,9
DA:41,9
DA:44,9
DA:47,9
DA:48,9
DA:49,9
DA:60,9
DA:62,9
LF:21
LH:18
BRDA:26,0,0,0
BRDA:26,0,1,0
BRF:2
BRH:0
end_of_record
TN:
SF:routes\cartRoutes.js
FNF:0
FNH:0
DA:1,9
DA:2,9
DA:3,9
DA:4,9
DA:5,9
DA:7,9
DA:9,9
DA:10,9
DA:11,9
DA:12,9
DA:15,9
LF:11
LH:11
BRF:0
BRH:0
end_of_record
TN:
SF:routes\interactionRoutes.js
FNF:0
FNH:0
DA:1,9
DA:2,9
DA:3,9
DA:11,9
DA:14,9
DA:17,9
DA:18,9
DA:19,9
DA:22,9
DA:25,9
DA:27,9
LF:11
LH:11
BRF:0
BRH:0
end_of_record
TN:
SF:routes\orderRoutes.js
FNF:0
FNH:0
DA:1,9
DA:2,9
DA:13,9
DA:15,9
DA:16,9
DA:18,9
DA:21,9
DA:24,9
DA:27,9
DA:30,9
DA:33,9
DA:36,9
DA:39,9
DA:42,9
DA:45,9
DA:47,9
LF:16
LH:16
BRF:0
BRH:0
end_of_record
TN:
SF:routes\reviewRoutes.js
FNF:0
FNH:0
DA:1,9
DA:2,9
DA:3,9
DA:9,9
DA:12,9
DA:15,9
DA:18,9
DA:21,9
DA:23,9
LF:9
LH:9
BRF:0
BRH:0
end_of_record
TN:
SF:routes\sellerRoutes.js
FNF:0
FNH:0
DA:1,9
DA:2,9
DA:3,9
DA:4,9
DA:6,9
DA:8,9
LF:6
LH:6
BRF:0
BRH:0
end_of_record
TN:
SF:routes\userRoutes.js
FNF:0
FNH:0
DA:1,9
DA:2,9
DA:3,9
DA:19,9
DA:20,9
DA:23,9
DA:26,9
DA:27,9
DA:28,9
DA:29,9
DA:30,9
DA:31,9
DA:32,9
DA:35,9
DA:36,9
DA:37,9
DA:38,9
DA:40,9
LF:18
LH:18
BRF:0
BRH:0
end_of_record
TN:
SF:routes\webhookRoutes.js
FNF:0
FNH:0
DA:1,9
DA:2,9
DA:3,9
DA:5,9
DA:7,9
LF:5
LH:5
BRF:0
BRH:0
end_of_record
TN:
SF:routes\wishlistRoutes.js
FNF:0
FNH:0
DA:1,9
DA:2,9
DA:8,9
DA:9,9
DA:12,9
DA:15,9
DA:18,9
DA:21,9
DA:24,9
DA:26,9
LF:10
LH:10
BRF:0
BRH:0
end_of_record
TN:
SF:utils\asyncHandler.js
FN:1,(anonymous_0)
FN:1,(anonymous_1)
FNF:2
FNH:1
FNDA:9,(anonymous_0)
FNDA:0,(anonymous_1)
DA:1,9
DA:2,0
DA:5,9
LF:3
LH:2
BRF:0
BRH:0
end_of_record
TN:
SF:utils\cloudinary.js
FN:78,(anonymous_0)
FN:80,(anonymous_1)
FN:90,(anonymous_2)
FN:102,(anonymous_3)
FN:104,(anonymous_4)
FN:110,(anonymous_5)
FN:122,(anonymous_6)
FNF:7
FNH:0
FNDA:0,(anonymous_0)
FNDA:0,(anonymous_1)
FNDA:0,(anonymous_2)
FNDA:0,(anonymous_3)
FNDA:0,(anonymous_4)
FNDA:0,(anonymous_5)
FNDA:0,(anonymous_6)
DA:70,9
DA:72,9
DA:78,9
DA:79,0
DA:80,0
DA:81,0
DA:91,0
DA:92,0
DA:95,0
DA:98,0
DA:102,9
DA:103,0
DA:104,0
DA:105,0
DA:111,0
DA:112,0
DA:115,0
DA:118,0
DA:122,9
DA:123,0
DA:124,0
DA:126,0
DA:130,9
LF:23
LH:6
BRDA:78,0,0,0
BRDA:91,1,0,0
BRDA:91,1,1,0
BRDA:102,2,0,0
BRDA:111,3,0,0
BRDA:111,3,1,0
BRF:6
BRH:0
end_of_record
TN:
SF:utils\geocode.js
FN:3,(anonymous_0)
FN:41,(anonymous_1)
FN:67,(anonymous_2)
FN:123,(anonymous_3)
FNF:4
FNH:0
FNDA:0,(anonymous_0)
FNDA:0,(anonymous_1)
FNDA:0,(anonymous_2)
FNDA:0,(anonymous_3)
DA:1,9
DA:3,9
DA:4,0
DA:9,0
DA:10,0
DA:11,0
DA:18,0
DA:19,0
DA:20,0
DA:27,0
DA:28,0
DA:29,0
DA:36,0
DA:37,0
DA:39,0
DA:42,0
DA:47,0
DA:48,0
DA:49,0
DA:50,0
DA:56,0
DA:60,0
DA:62,0
DA:63,0
DA:67,9
DA:68,0
DA:70,0
DA:75,0
DA:76,0
DA:78,0
DA:80,0
DA:82,0
DA:88,0
DA:93,0
DA:100,0
DA:101,0
DA:102,0
DA:105,0
DA:109,0
DA:113,0
DA:114,0
DA:115,0
DA:116,0
DA:118,0
DA:119,0
DA:123,0
DA:124,0
DA:125,0
DA:126,0
DA:130,0
DA:131,0
DA:132,0
DA:133,0
DA:135,0
DA:136,0
DA:141,0
DA:143,0
DA:144,0
DA:148,9
LF:59
LH:4
BRDA:10,0,0,0
BRDA:10,0,1,0
BRDA:19,1,0,0
BRDA:19,1,1,0
BRDA:28,2,0,0
BRDA:28,2,1,0
BRDA:36,3,0,0
BRDA:36,3,1,0
BRDA:42,4,0,0
BRDA:42,4,1,0
BRDA:49,5,0,0
BRDA:49,5,1,0
BRDA:70,6,0,0
BRDA:70,6,1,0
BRDA:70,7,0,0
BRDA:70,7,1,0
BRDA:70,7,2,0
BRDA:70,7,3,0
BRDA:76,8,0,0
BRDA:76,8,1,0
BRDA:78,9,0,0
BRDA:78,9,1,0
BRDA:78,10,0,0
BRDA:78,10,1,0
BRDA:78,10,2,0
BRDA:78,10,3,0
BRDA:101,11,0,0
BRDA:101,11,1,0
BRDA:105,12,0,0
BRDA:105,12,1,0
BRDA:113,13,0,0
BRDA:113,13,1,0
BRDA:118,14,0,0
BRDA:118,14,1,0
BRDA:118,15,0,0
BRDA:118,15,1,0
BRDA:118,15,2,0
BRDA:118,15,3,0
BRDA:130,16,0,0
BRDA:130,16,1,0
BRDA:135,17,0,0
BRDA:135,17,1,0
BRDA:135,18,0,0
BRDA:135,18,1,0
BRDA:135,18,2,0
BRDA:135,18,3,0
BRF:46
BRH:0
end_of_record
TN:
SF:utils\multer.js
FN:56,(anonymous_0)
FNF:1
FNH:0
FNDA:0,(anonymous_0)
DA:50,9
DA:51,9
DA:53,9
DA:56,9
DA:57,0
DA:58,0
DA:59,0
DA:62,0
DA:63,0
DA:64,0
DA:66,0
DA:70,0
DA:71,0
DA:73,0
DA:74,0
DA:75,0
DA:77,0
DA:79,0
DA:80,0
DA:81,0
DA:83,0
DA:87,0
DA:92,9
DA:100,9
DA:108,9
LF:25
LH:7
BRDA:62,0,0,0
BRDA:62,0,1,0
BRDA:63,1,0,0
BRDA:63,1,1,0
BRDA:70,2,0,0
BRDA:70,2,1,0
BRDA:70,3,0,0
BRDA:70,3,1,0
BRDA:71,4,0,0
BRDA:71,4,1,0
BRDA:73,5,0,0
BRDA:73,5,1,0
BRDA:74,6,0,0
BRDA:74,6,1,0
BRDA:79,7,0,0
BRDA:79,7,1,0
BRDA:80,8,0,0
BRDA:80,8,1,0
BRF:18
BRH:0
end_of_record
TN:
SF:utils\streamDigitalBook.js
FN:119,(anonymous_0)
FN:135,(anonymous_1)
FNF:2
FNH:0
FNDA:0,(anonymous_0)
FNDA:0,(anonymous_1)
DA:60,9
DA:61,9
DA:62,9
DA:64,9
DA:119,9
DA:120,0
DA:121,0
DA:122,0
DA:123,0
DA:125,0
DA:131,0
DA:132,0
DA:135,0
DA:137,0
DA:138,0
DA:141,0
DA:142,0
DA:143,0
DA:144,0
DA:145,0
DA:146,0
DA:149,0
DA:150,0
DA:151,0
DA:152,0
DA:154,0
DA:155,0
DA:157,0
DA:160,0
DA:162,0
DA:163,0
DA:168,9
LF:32
LH:6
BRDA:131,0,0,0
BRDA:131,0,1,0
BRDA:137,1,0,0
BRDA:137,1,1,0
BRDA:137,2,0,0
BRDA:137,2,1,0
BRDA:137,2,2,0
BRDA:137,2,3,0
BRDA:143,3,0,0
BRDA:143,3,1,0
BRDA:144,4,0,0
BRDA:144,4,1,0
BRDA:145,5,0,0
BRDA:145,5,1,0
BRDA:154,6,0,0
BRDA:154,6,1,0
BRF:16
BRH:0
end_of_record
TN:
SF:utils\validators.js
FN:2,(anonymous_0)
FN:8,(anonymous_1)
FNF:2
FNH:0
FNDA:0,(anonymous_0)
FNDA:0,(anonymous_1)
DA:2,9
DA:3,0
DA:4,0
DA:8,9
DA:10,0
DA:11,0
LF:6
LH:2
BRF:0
BRH:0
end_of_record
